<!DOCTYPE html PUBLIC "-//W3C//DTD XHTML 1.1//EN" "http://www.w3.org/TR/xhtml11/DTD/xhtml11.dtd">
<html xmlns="http://www.w3.org/1999/xhtml"><head><title>TestNG Report</title><style type="text/css">table {margin-bottom:10px;border-collapse:collapse;empty-cells:show}th,td {border:1px solid #009;padding:.25em .5em}th {vertical-align:bottom}td {vertical-align:top}table a {font-weight:bold}.stripe td {background-color: #E6EBF9}.num {text-align:right}.passedodd td {background-color: #3F3}.passedeven td {background-color: #0A0}.skippedodd td {background-color: #DDD}.skippedeven td {background-color: #CCC}.failedodd td,.attn {background-color: #F33}.failedeven td,.stripe .attn {background-color: #D00}.stacktrace {white-space:pre;font-family:monospace}.totop {font-size:85%;text-align:center;border-bottom:2px solid #000}</style></head><body><table><tr><th>Test</th><th># Passed</th><th># Skipped</th><th># Failed</th><th>Time (ms)</th><th>Included Groups</th><th>Excluded Groups</th></tr><tr><th colspan="7">Default suite</th></tr><tr><td><a href="#t0">Default test</a></td><td class="num">0</td><td class="num attn">1</td><td class="num">0</td><td class="num">59,270</td><td></td><td></td></tr></table><table><thead><tr><th>Class</th><th>Method</th><th>Start</th><th>Time (ms)</th></tr></thead><tbody><tr><th colspan="4">Default suite</th></tr></tbody><tbody id="t0"><tr><th colspan="4">Default test &#8212; failed (configuration methods)</th></tr><tr class="failedeven"><td rowspan="1">testUser.tcSignUp_POI</td><td><a href="#m0">beforeTest</a></td><td rowspan="1">1465721650928</td><td rowspan="1">0</td></tr><tr><th colspan="4">Default test &#8212; skipped (configuration methods)</th></tr><tr class="skippedeven"><td rowspan="1">testUser.tcSignUp_POI</td><td><a href="#m1">afterTest</a></td><td rowspan="1">1465721710187</td><td rowspan="1">0</td></tr><tr><th colspan="4">Default test &#8212; skipped</th></tr><tr class="skippedeven"><td rowspan="1">testUser.tcSignUp_POI</td><td><a href="#m2">testLogin</a></td><td rowspan="1">1465721710183</td><td rowspan="1">1</td></tr></tbody></table><h2>Default test</h2><h3 id="m0">testUser.tcSignUp_POI#beforeTest</h3><table class="result"><tr><th>Exception</th></tr><tr><td><div class="stacktrace">org.openqa.selenium.WebDriverException: Failed to connect to binary FirefoxBinary(C:\Program Files (x86)\Mozilla Firefox\firefox.exe) on port 7055; process output follows: 
&quot;descriptor&quot;:&quot;C:\\Program Files (x86)\\Mozilla Firefox\\browser\\extensions\\{972ce4c6-7e08-4474-a285-3208198ce6fd}.xpi&quot;,&quot;installDate&quot;:1458457136242,&quot;updateDate&quot;:1458457136242,&quot;applyBackgroundUpdates&quot;:1,&quot;skinnable&quot;:true,&quot;size&quot;:22012,&quot;sourceURI&quot;:null,&quot;releaseNotesURI&quot;:null,&quot;softDisabled&quot;:false,&quot;foreignInstall&quot;:false,&quot;hasBinaryComponents&quot;:false,&quot;strictCompatibility&quot;:true,&quot;locales&quot;:[],&quot;targetApplications&quot;:[{&quot;id&quot;:&quot;{ec8030f7-c20a-464f-9b0e-13a3a9e97384}&quot;,&quot;minVersion&quot;:&quot;45.0.1&quot;,&quot;maxVersion&quot;:&quot;45.0.1&quot;}],&quot;targetPlatforms&quot;:[],&quot;seen&quot;:true}
1465721659841	addons.xpi	DEBUG	getModTime: Recursive scan of {972ce4c6-7e08-4474-a285-3208198ce6fd}
1465721659843	DeferredSave.extensions.json	DEBUG	Save changes
1465721659843	addons.xpi	DEBUG	Updating database with changes to installed add-ons
1465721659843	addons.xpi-utils	DEBUG	Updating add-on states
1465721659903	addons.xpi-utils	DEBUG	Writing add-ons list
1465721659909	addons.xpi	DEBUG	Registering manifest for C:\Program Files (x86)\Mozilla Firefox\browser\features\loop@mozilla.org.xpi
1465721659911	addons.xpi	DEBUG	Calling bootstrap method startup on loop@mozilla.org version 0.1
1465721659931	addons.manager	DEBUG	Starting provider: &lt;unnamed-provider&gt;
1465721659932	addons.manager	DEBUG	Registering shutdown blocker for &lt;unnamed-provider&gt;
1465721659932	addons.manager	DEBUG	Provider finished startup: &lt;unnamed-provider&gt;
1465721659947	addons.xpi	DEBUG	Registering manifest for C:\Program Files (x86)\Mozilla Firefox\browser\extensions\{82AF8DCA-6DE9-405D-BD5E-43525BDAD38A}.xpi
1465721659947	addons.xpi	DEBUG	Calling bootstrap method startup on {82AF8DCA-6DE9-405D-BD5E-43525BDAD38A} version 8.3.0.9150
1465721659952	addons.manager	DEBUG	Registering shutdown blocker for XPIProvider
1465721659952	addons.manager	DEBUG	Provider finished startup: XPIProvider
1465721659952	addons.manager	DEBUG	Starting provider: LightweightThemeManager
1465721659952	addons.manager	DEBUG	Registering shutdown blocker for LightweightThemeManager
1465721659952	addons.manager	DEBUG	Provider finished startup: LightweightThemeManager
1465721659953	addons.manager	DEBUG	Starting provider: GMPProvider
1465721659962	addons.manager	DEBUG	Registering shutdown blocker for GMPProvider
1465721659963	addons.manager	DEBUG	Provider finished startup: GMPProvider
1465721659963	addons.manager	DEBUG	Starting provider: PluginProvider
1465721659963	addons.manager	DEBUG	Registering shutdown blocker for PluginProvider
1465721659963	addons.manager	DEBUG	Provider finished startup: PluginProvider
1465721659964	addons.manager	DEBUG	Completed startup sequence
JavaScript error: resource://gre/components/SanityTest.js, line 287: NS_ERROR_FILE_ACCESS_DENIED: Component returned failure code: 0x80520015 (NS_ERROR_FILE_ACCESS_DENIED) [nsIPrefService.savePrefFile]
Crash Annotation GraphicsCriticalError: |[0][GFX1-]: PossiblyBrokenSurfaceSharing_UnexpectedAMDGPU[GFX1-]: PossiblyBrokenSurfaceSharing_UnexpectedAMDGPU
Crash Annotation GraphicsCriticalError: |[0][GFX1-]: PossiblyBrokenSurfaceSharing_UnexpectedAMDGPU|[1][GFX1-]: PossiblyBrokenSurfaceSharing_UnexpectedAMDGPU[GFX1-]: PossiblyBrokenSurfaceSharing_UnexpectedAMDGPU
1465721668670	DeferredSave.extensions.json	DEBUG	Write succeeded
1465721668670	addons.xpi-utils	DEBUG	XPI Database saved, setting schema version preference to 17
1465721668670	DeferredSave.extensions.json	DEBUG	Starting timer
1465721668685	addons.repository	DEBUG	No addons.json found.
1465721668685	DeferredSave.addons.json	DEBUG	Save changes
1465721668744	DeferredSave.addons.json	DEBUG	Starting timer
1465721668967	addons.manager	DEBUG	Starting provider: PreviousExperimentProvider
1465721668968	addons.manager	DEBUG	Registering shutdown blocker for PreviousExperimentProvider
1465721668968	addons.manager	DEBUG	Provider finished startup: PreviousExperimentProvider
1465721668972	DeferredSave.extensions.json	DEBUG	Starting write
1465721668975	DeferredSave.addons.json	DEBUG	Starting write
1465721669034	DeferredSave.extensions.json	DEBUG	Write succeeded
1465721669041	DeferredSave.addons.json	DEBUG	Write succeeded

Build info: version: &apos;2.48.2&apos;, revision: &apos;41bccdd&apos;, time: &apos;2015-10-09 19:55:52&apos;
System info: host: &apos;HoangMai&apos;, ip: &apos;192.168.0.105&apos;, os.name: &apos;Windows 8.1&apos;, os.arch: &apos;amd64&apos;, os.version: &apos;6.3&apos;, java.version: &apos;1.8.0_66&apos;
Driver info: driver.version: FirefoxDriver
	at org.openqa.selenium.firefox.internal.NewProfileExtensionConnection.start(NewProfileExtensionConnection.java:134)
	at org.openqa.selenium.firefox.FirefoxDriver.startClient(FirefoxDriver.java:271)
	at org.openqa.selenium.remote.RemoteWebDriver.&lt;init&gt;(RemoteWebDriver.java:117)
	at org.openqa.selenium.firefox.FirefoxDriver.&lt;init&gt;(FirefoxDriver.java:218)
	at org.openqa.selenium.firefox.FirefoxDriver.&lt;init&gt;(FirefoxDriver.java:211)
	at org.openqa.selenium.firefox.FirefoxDriver.&lt;init&gt;(FirefoxDriver.java:207)
	at org.openqa.selenium.firefox.FirefoxDriver.&lt;init&gt;(FirefoxDriver.java:120)
	at common.getEnvironment.openBrowser(getEnvironment.java:9)
	at testUser.tcSignUp_POI.beforeTest(tcSignUp_POI.java:75)
	at sun.reflect.NativeMethodAccessorImpl.invoke0(Native Method)
	at sun.reflect.NativeMethodAccessorImpl.invoke(Unknown Source)
	at sun.reflect.DelegatingMethodAccessorImpl.invoke(Unknown Source)
	at java.lang.reflect.Method.invoke(Unknown Source)
	at org.testng.internal.MethodInvocationHelper.invokeMethod(MethodInvocationHelper.java:85)
	at org.testng.internal.Invoker.invokeConfigurationMethod(Invoker.java:510)
	at org.testng.internal.Invoker.invokeConfigurations(Invoker.java:211)
	at org.testng.internal.Invoker.invokeConfigurations(Invoker.java:138)
	at org.testng.TestRunner.beforeRun(TestRunner.java:647)
	at org.testng.TestRunner.run(TestRunner.java:615)
	at org.testng.SuiteRunner.runTest(SuiteRunner.java:357)
	at org.testng.SuiteRunner.runSequentially(SuiteRunner.java:352)
	at org.testng.SuiteRunner.privateRun(SuiteRunner.java:310)
	at org.testng.SuiteRunner.run(SuiteRunner.java:259)
	at org.testng.SuiteRunnerWorker.runSuite(SuiteRunnerWorker.java:52)
	at org.testng.SuiteRunnerWorker.run(SuiteRunnerWorker.java:86)
	at org.testng.TestNG.runSuitesSequentially(TestNG.java:1185)
	at org.testng.TestNG.runSuitesLocally(TestNG.java:1110)
	at org.testng.TestNG.run(TestNG.java:1018)
	at org.testng.remote.RemoteTestNG.run(RemoteTestNG.java:111)
	at org.testng.remote.RemoteTestNG.initAndRun(RemoteTestNG.java:204)
	at org.testng.remote.RemoteTestNG.main(RemoteTestNG.java:175)
Caused by: org.openqa.selenium.firefox.NotConnectedException: Unable to connect to host 127.0.0.1 on port 7055 after 45000 ms. Firefox console output:
&quot;descriptor&quot;:&quot;C:\\Program Files (x86)\\Mozilla Firefox\\browser\\extensions\\{972ce4c6-7e08-4474-a285-3208198ce6fd}.xpi&quot;,&quot;installDate&quot;:1458457136242,&quot;updateDate&quot;:1458457136242,&quot;applyBackgroundUpdates&quot;:1,&quot;skinnable&quot;:true,&quot;size&quot;:22012,&quot;sourceURI&quot;:null,&quot;releaseNotesURI&quot;:null,&quot;softDisabled&quot;:false,&quot;foreignInstall&quot;:false,&quot;hasBinaryComponents&quot;:false,&quot;strictCompatibility&quot;:true,&quot;locales&quot;:[],&quot;targetApplications&quot;:[{&quot;id&quot;:&quot;{ec8030f7-c20a-464f-9b0e-13a3a9e97384}&quot;,&quot;minVersion&quot;:&quot;45.0.1&quot;,&quot;maxVersion&quot;:&quot;45.0.1&quot;}],&quot;targetPlatforms&quot;:[],&quot;seen&quot;:true}
1465721659841	addons.xpi	DEBUG	getModTime: Recursive scan of {972ce4c6-7e08-4474-a285-3208198ce6fd}
1465721659843	DeferredSave.extensions.json	DEBUG	Save changes
1465721659843	addons.xpi	DEBUG	Updating database with changes to installed add-ons
1465721659843	addons.xpi-utils	DEBUG	Updating add-on states
1465721659903	addons.xpi-utils	DEBUG	Writing add-ons list
1465721659909	addons.xpi	DEBUG	Registering manifest for C:\Program Files (x86)\Mozilla Firefox\browser\features\loop@mozilla.org.xpi
1465721659911	addons.xpi	DEBUG	Calling bootstrap method startup on loop@mozilla.org version 0.1
1465721659931	addons.manager	DEBUG	Starting provider: &lt;unnamed-provider&gt;
1465721659932	addons.manager	DEBUG	Registering shutdown blocker for &lt;unnamed-provider&gt;
1465721659932	addons.manager	DEBUG	Provider finished startup: &lt;unnamed-provider&gt;
1465721659947	addons.xpi	DEBUG	Registering manifest for C:\Program Files (x86)\Mozilla Firefox\browser\extensions\{82AF8DCA-6DE9-405D-BD5E-43525BDAD38A}.xpi
1465721659947	addons.xpi	DEBUG	Calling bootstrap method startup on {82AF8DCA-6DE9-405D-BD5E-43525BDAD38A} version 8.3.0.9150
1465721659952	addons.manager	DEBUG	Registering shutdown blocker for XPIProvider
1465721659952	addons.manager	DEBUG	Provider finished startup: XPIProvider
1465721659952	addons.manager	DEBUG	Starting provider: LightweightThemeManager
1465721659952	addons.manager	DEBUG	Registering shutdown blocker for LightweightThemeManager
1465721659952	addons.manager	DEBUG	Provider finished startup: LightweightThemeManager
1465721659953	addons.manager	DEBUG	Starting provider: GMPProvider
1465721659962	addons.manager	DEBUG	Registering shutdown blocker for GMPProvider
1465721659963	addons.manager	DEBUG	Provider finished startup: GMPProvider
1465721659963	addons.manager	DEBUG	Starting provider: PluginProvider
1465721659963	addons.manager	DEBUG	Registering shutdown blocker for PluginProvider
1465721659963	addons.manager	DEBUG	Provider finished startup: PluginProvider
1465721659964	addons.manager	DEBUG	Completed startup sequence
JavaScript error: resource://gre/components/SanityTest.js, line 287: NS_ERROR_FILE_ACCESS_DENIED: Component returned failure code: 0x80520015 (NS_ERROR_FILE_ACCESS_DENIED) [nsIPrefService.savePrefFile]
Crash Annotation GraphicsCriticalError: |[0][GFX1-]: PossiblyBrokenSurfaceSharing_UnexpectedAMDGPU[GFX1-]: PossiblyBrokenSurfaceSharing_UnexpectedAMDGPU
Crash Annotation GraphicsCriticalError: |[0][GFX1-]: PossiblyBrokenSurfaceSharing_UnexpectedAMDGPU|[1][GFX1-]: PossiblyBrokenSurfaceSharing_UnexpectedAMDGPU[GFX1-]: PossiblyBrokenSurfaceSharing_UnexpectedAMDGPU
1465721668670	DeferredSave.extensions.json	DEBUG	Write succeeded
1465721668670	addons.xpi-utils	DEBUG	XPI Database saved, setting schema version preference to 17
1465721668670	DeferredSave.extensions.json	DEBUG	Starting timer
1465721668685	addons.repository	DEBUG	No addons.json found.
1465721668685	DeferredSave.addons.json	DEBUG	Save changes
1465721668744	DeferredSave.addons.json	DEBUG	Starting timer
1465721668967	addons.manager	DEBUG	Starting provider: PreviousExperimentProvider
1465721668968	addons.manager	DEBUG	Registering shutdown blocker for PreviousExperimentProvider
1465721668968	addons.manager	DEBUG	Provider finished startup: PreviousExperimentProvider
1465721668972	DeferredSave.extensions.json	DEBUG	Starting write
1465721668975	DeferredSave.addons.json	DEBUG	Starting write
1465721669034	DeferredSave.extensions.json	DEBUG	Write succeeded
1465721669041	DeferredSave.addons.json	DEBUG	Write succeeded

	at org.openqa.selenium.firefox.internal.NewProfileExtensionConnection.start(NewProfileExtensionConnection.java:122)
	... 30 more
</div></td></tr></table><p class="totop"><a href="#summary">back to summary</a></p><h3 id="m1">testUser.tcSignUp_POI#afterTest</h3><table class="result"></table><p class="totop"><a href="#summary">back to summary</a></p><h3 id="m2">testUser.tcSignUp_POI#testLogin</h3><table class="result"></table><p class="totop"><a href="#summary">back to summary</a></p></body></html>